<?xml version="1.0" encoding="UTF-8"?>
<!-- Generated by org.testng.reporters.JUnitXMLReporter -->
<testsuite hostname="ANIL" ignored="1" name="Test" tests="1" failures="0" timestamp="26 Aug 2018 13:40:00 GMT" time="50.938" errors="0">
  <testcase name="customerRegistration" time="19.073" classname="com.automation.ecommerce.homePage.TC001_CustomerRegistration"/>
  <testcase name="signIn" time="0.0" classname="com.automation.ecommerce.homePage.TC001_CustomerRegistration">
    <ignored/>
  </testcase> <!-- signIn -->
</testsuite> <!-- Test -->
