<?xml version="1.0" encoding="UTF-8"?>
<testng-results skipped="0" failed="0" ignored="1" total="2" passed="1">
  <reporter-output>
    <line>
      <![CDATA[Test started & running : customerRegistration]]>
    </line>
    <line>
      <![CDATA[Test Success : customerRegistration]]>
    </line>
    <line>
      <![CDATA[<a href=' G:\Karthik\Selenium\Se_LiveProjectJune2018\ecommerce\src\main\java\com\automation\ecommerce\passedScreens\ customerRegistration 25-Aug-2018__10_38_03AM.png'><img src=' G:\Karthik\Selenium\Se_LiveProjectJune2018\ecommerce\src\main\java\com\automation\ecommerce\passedScreens\ customerRegistration 25-Aug-2018__10_38_03AM.png 'height='100'  width='100'/></a>]]>
    </line>
  </reporter-output>
  <suite name="Suite" duration-ms="42238" started-at="2018-08-25T05:07:20Z" finished-at="2018-08-25T05:08:03Z">
    <groups>
    </groups>
    <test name="Test" duration-ms="42238" started-at="2018-08-25T05:07:20Z" finished-at="2018-08-25T05:08:03Z">
      <class name="com.automation.ecommerce.homePage.TC001_CustomerRegistration">
        <test-method status="PASS" signature="setUp()[pri:0, instance:com.automation.ecommerce.homePage.TC001_CustomerRegistration@31206beb]" name="setUp" is-config="true" duration-ms="22685" started-at="2018-08-25T05:07:20Z" finished-at="2018-08-25T05:07:43Z">
          <reporter-output>
          </reporter-output>
        </test-method> <!-- setUp -->
        <test-method status="PASS" signature="startReport(java.lang.reflect.Method)[pri:0, instance:com.automation.ecommerce.homePage.TC001_CustomerRegistration@31206beb]" name="startReport" is-config="true" duration-ms="8" started-at="2018-08-25T05:07:43Z" finished-at="2018-08-25T05:07:43Z">
          <params>
            <param index="0">
              <value>
                <![CDATA[public void com.automation.ecommerce.homePage.TC001_CustomerRegistration.customerRegistration() throws java.lang.Exception]]>
              </value>
            </param>
          </params>
          <reporter-output>
          </reporter-output>
        </test-method> <!-- startReport -->
        <test-method status="PASS" signature="customerRegistration()[pri:0, instance:com.automation.ecommerce.homePage.TC001_CustomerRegistration@31206beb]" name="customerRegistration" duration-ms="19033" started-at="2018-08-25T05:07:43Z" finished-at="2018-08-25T05:08:02Z">
          <reporter-output>
            <line>
              <![CDATA[Test started & running : customerRegistration]]>
            </line>
            <line>
              <![CDATA[Test Success : customerRegistration]]>
            </line>
            <line>
              <![CDATA[<a href=' G:\Karthik\Selenium\Se_LiveProjectJune2018\ecommerce\src\main\java\com\automation\ecommerce\passedScreens\ customerRegistration 25-Aug-2018__10_38_03AM.png'><img src=' G:\Karthik\Selenium\Se_LiveProjectJune2018\ecommerce\src\main\java\com\automation\ecommerce\passedScreens\ customerRegistration 25-Aug-2018__10_38_03AM.png 'height='100'  width='100'/></a>]]>
            </line>
          </reporter-output>
        </test-method> <!-- customerRegistration -->
        <test-method status="PASS" signature="endReport(org.testng.ITestResult)[pri:0, instance:com.automation.ecommerce.homePage.TC001_CustomerRegistration@31206beb]" name="endReport" is-config="true" duration-ms="1" started-at="2018-08-25T05:08:03Z" finished-at="2018-08-25T05:08:03Z">
          <params>
            <param index="0">
              <value>
                <![CDATA[[TestResult name=customerRegistration status=SUCCESS method=TC001_CustomerRegistration.customerRegistration()[pri:0, instance:com.automation.ecommerce.homePage.TC001_CustomerRegistration@31206beb] output=Test started & running : customerRegistration]]]>
              </value>
            </param>
          </params>
          <reporter-output>
          </reporter-output>
        </test-method> <!-- endReport -->
        <test-method status="PASS" signature="endTest()[pri:0, instance:com.automation.ecommerce.homePage.TC001_CustomerRegistration@31206beb]" name="endTest" is-config="true" duration-ms="0" started-at="2018-08-25T05:08:03Z" finished-at="2018-08-25T05:08:03Z">
          <reporter-output>
          </reporter-output>
        </test-method> <!-- endTest -->
      </class> <!-- com.automation.ecommerce.homePage.TC001_CustomerRegistration -->
    </test> <!-- Test -->
  </suite> <!-- Suite -->
</testng-results>
